Determining if the Fortran sgemm exists failed with the following output:
Change Dir: /Users/agmotes/gitRepos/WEIS/build/temp.macosx-10.9-x86_64-cpython-310_rosco_openfast/CMakeFiles/CMakeTmp

Run Build Command(s):/opt/anaconda3/envs/weis-env/bin/make -f Makefile cmTC_f9581/fast && /opt/anaconda3/envs/weis-env/bin/make  -f CMakeFiles/cmTC_f9581.dir/build.make CMakeFiles/cmTC_f9581.dir/build
make[1]: Entering directory '/Users/agmotes/gitRepos/WEIS/build/temp.macosx-10.9-x86_64-cpython-310_rosco_openfast/CMakeFiles/CMakeTmp'
Building Fortran object CMakeFiles/cmTC_f9581.dir/testFortranCompiler.f.o
/opt/anaconda3/envs/weis-env/bin/x86_64-apple-darwin13.4.0-gfortran   -march=core2 -mtune=haswell -ftree-vectorize -fPIC -fstack-protector -O2 -pipe -isystem /opt/anaconda3/envs/weis-env/include -fpic  -ffree-line-length-none -cpp -fstack-reuse=none  -isysroot /Library/Developer/CommandLineTools/SDKs/MacOSX.sdk -mmacosx-version-min=10.9 -fPIE -c /Users/agmotes/gitRepos/WEIS/build/temp.macosx-10.9-x86_64-cpython-310_rosco_openfast/CMakeFiles/CMakeTmp/testFortranCompiler.f -o CMakeFiles/cmTC_f9581.dir/testFortranCompiler.f.o
Linking Fortran executable cmTC_f9581
/opt/anaconda3/envs/weis-env/bin/cmake -E cmake_link_script CMakeFiles/cmTC_f9581.dir/link.txt --verbose=1
/opt/anaconda3/envs/weis-env/bin/x86_64-apple-darwin13.4.0-gfortran -Wl,-pie -Wl,-headerpad_max_install_names -Wl,-dead_strip_dylibs -Wl,-rpath,/opt/anaconda3/envs/weis-env/lib -L/opt/anaconda3/envs/weis-env/lib  -march=core2 -mtune=haswell -ftree-vectorize -fPIC -fstack-protector -O2 -pipe -isystem /opt/anaconda3/envs/weis-env/include -fpic  -ffree-line-length-none -cpp -fstack-reuse=none  -isysroot /Library/Developer/CommandLineTools/SDKs/MacOSX.sdk -mmacosx-version-min=10.9 CMakeFiles/cmTC_f9581.dir/testFortranCompiler.f.o -o cmTC_f9581 
Undefined symbols for architecture x86_64:
  "_sgemm_", referenced from:
      _main in testFortranCompiler.f.o
ld: symbol(s) not found for architecture x86_64
collect2: error: ld returned 1 exit status
make[1]: *** [CMakeFiles/cmTC_f9581.dir/build.make:99: cmTC_f9581] Error 1
make[1]: Leaving directory '/Users/agmotes/gitRepos/WEIS/build/temp.macosx-10.9-x86_64-cpython-310_rosco_openfast/CMakeFiles/CMakeTmp'
make: *** [Makefile:127: cmTC_f9581/fast] Error 2



